# JRE version: Java(TM) SE Runtime Environment (24.0.1+9) (build 24.0.1+9-30)
# Java VM: Java HotSpot(TM) 64-Bit Server VM (24.0.1+9-30, mixed mode, emulated-client, sharing, tiered, compressed oops, compressed class ptrs, g1 gc, windows-amd64)
GC Precious Log:
 CardTable entry size: 512
 Card Set container configuration: InlinePtr #cards 4 size 8 Array Of Cards #cards 16 size 48 Howl #buckets 8 coarsen threshold 3686 Howl Bitmap #cards 512 size 80 coarsen threshold 460 Card regions per heap region 1 cards per card region 4096
 CPUs: 4 total, 4 available
 Memory: 12161M
 Large Page Support: Disabled
 NUMA Support: Disabled
 Compressed Oops: Enabled (Zero based)
 Heap Region Size: 2M
 Heap Min Capacity: 8M
 Heap Initial Capacity: 192M
 Heap Max Capacity: 3042M
 Pre-touch: Disabled
 Parallel Workers: 4
 Concurrent Workers: 1
 Concurrent Refinement Workers: 4
 Periodic GC: Disabled
Heap:
 garbage-first heap   total reserved 3115008K, committed 67584K, used 37856K [0x0000000741e00000, 0x0000000800000000)
  region size 2048K, 6 young (12288K), 1 survivors (2048K)
 Metaspace       used 60860K, committed 61504K, reserved 1114112K
  class space    used 6836K, committed 7104K, reserved 1048576K
GC Heap History (20 events):
Event: 2.558 GC heap before
{Heap before GC invocations=1 (full 0):
 garbage-first heap   total reserved 3115008K, committed 198656K, used 66061K [0x0000000741e00000, 0x0000000800000000)
  region size 2048K, 32 young (65536K), 2 survivors (4096K)
 Metaspace       used 21196K, committed 21504K, reserved 1114112K
  class space    used 2268K, committed 2432K, reserved 1048576K
}
Event: 2.568 GC heap after
{Heap after GC invocations=2 (full 0):
 garbage-first heap   total reserved 3115008K, committed 198656K, used 14861K [0x0000000741e00000, 0x0000000800000000)
  region size 2048K, 5 young (10240K), 5 survivors (10240K)
 Metaspace       used 21196K, committed 21504K, reserved 1114112K
  class space    used 2268K, committed 2432K, reserved 1048576K
}
Event: 3.115 GC heap before
{Heap before GC invocations=3 (full 0):
 garbage-first heap   total reserved 3115008K, committed 55296K, used 37389K [0x0000000741e00000, 0x0000000800000000)
  region size 2048K, 16 young (32768K), 5 survivors (10240K)
 Metaspace       used 23711K, committed 24064K, reserved 1114112K
  class space    used 2576K, committed 2752K, reserved 1048576K
}
Event: 3.128 GC heap after
{Heap after GC invocations=4 (full 0):
 garbage-first heap   total reserved 3115008K, committed 55296K, used 16162K [0x0000000741e00000, 0x0000000800000000)
  region size 2048K, 1 young (2048K), 1 survivors (2048K)
 Metaspace       used 23711K, committed 24064K, reserved 1114112K
  class space    used 2576K, committed 2752K, reserved 1048576K
}
Event: 3.573 GC heap before
{Heap before GC invocations=4 (full 0):
 garbage-first heap   total reserved 3115008K, committed 55296K, used 36642K [0x0000000741e00000, 0x0000000800000000)
  region size 2048K, 11 young (22528K), 1 survivors (2048K)
 Metaspace       used 26281K, committed 26688K, reserved 1114112K
  class space    used 2954K, committed 3136K, reserved 1048576K
}
Event: 3.584 GC heap after
{Heap after GC invocations=5 (full 0):
 garbage-first heap   total reserved 3115008K, committed 55296K, used 18207K [0x0000000741e00000, 0x0000000800000000)
  region size 2048K, 2 young (4096K), 2 survivors (4096K)
 Metaspace       used 26281K, committed 26688K, reserved 1114112K
  class space    used 2954K, committed 3136K, reserved 1048576K
}
Event: 4.066 GC heap before
{Heap before GC invocations=5 (full 0):
 garbage-first heap   total reserved 3115008K, committed 55296K, used 38687K [0x0000000741e00000, 0x0000000800000000)
  region size 2048K, 12 young (24576K), 2 survivors (4096K)
 Metaspace       used 29840K, committed 30336K, reserved 1114112K
  class space    used 3369K, committed 3584K, reserved 1048576K
}
Event: 4.075 GC heap after
{Heap after GC invocations=6 (full 0):
 garbage-first heap   total reserved 3115008K, committed 55296K, used 20424K [0x0000000741e00000, 0x0000000800000000)
  region size 2048K, 2 young (4096K), 2 survivors (4096K)
 Metaspace       used 29840K, committed 30336K, reserved 1114112K
  class space    used 3369K, committed 3584K, reserved 1048576K
}
Event: 4.436 GC heap before
{Heap before GC invocations=6 (full 0):
 garbage-first heap   total reserved 3115008K, committed 55296K, used 36808K [0x0000000741e00000, 0x0000000800000000)
  region size 2048K, 11 young (22528K), 2 survivors (4096K)
 Metaspace       used 35693K, committed 36096K, reserved 1114112K
  class space    used 3908K, committed 4096K, reserved 1048576K
}
Event: 4.442 GC heap after
{Heap after GC invocations=7 (full 0):
 garbage-first heap   total reserved 3115008K, committed 55296K, used 22166K [0x0000000741e00000, 0x0000000800000000)
  region size 2048K, 2 young (4096K), 2 survivors (4096K)
 Metaspace       used 35693K, committed 36096K, reserved 1114112K
  class space    used 3908K, committed 4096K, reserved 1048576K
}
Event: 5.055 GC heap before
{Heap before GC invocations=8 (full 0):
 garbage-first heap   total reserved 3115008K, committed 55296K, used 42646K [0x0000000741e00000, 0x0000000800000000)
  region size 2048K, 12 young (24576K), 2 survivors (4096K)
 Metaspace       used 41475K, committed 41984K, reserved 1114112K
  class space    used 4580K, committed 4800K, reserved 1048576K
}
Event: 5.061 GC heap after
{Heap after GC invocations=9 (full 0):
 garbage-first heap   total reserved 3115008K, committed 55296K, used 23413K [0x0000000741e00000, 0x0000000800000000)
  region size 2048K, 2 young (4096K), 2 survivors (4096K)
 Metaspace       used 41475K, committed 41984K, reserved 1114112K
  class space    used 4580K, committed 4800K, reserved 1048576K
}
Event: 5.656 GC heap before
{Heap before GC invocations=9 (full 0):
 garbage-first heap   total reserved 3115008K, committed 55296K, used 41845K [0x0000000741e00000, 0x0000000800000000)
  region size 2048K, 12 young (24576K), 2 survivors (4096K)
 Metaspace       used 47369K, committed 47808K, reserved 1114112K
  class space    used 5143K, committed 5312K, reserved 1048576K
}
Event: 5.663 GC heap after
{Heap after GC invocations=10 (full 0):
 garbage-first heap   total reserved 3115008K, committed 67584K, used 24158K [0x0000000741e00000, 0x0000000800000000)
  region size 2048K, 2 young (4096K), 2 survivors (4096K)
 Metaspace       used 47369K, committed 47808K, reserved 1114112K
  class space    used 5143K, committed 5312K, reserved 1048576K
}
Event: 6.506 GC heap before
{Heap before GC invocations=10 (full 0):
 garbage-first heap   total reserved 3115008K, committed 67584K, used 50782K [0x0000000741e00000, 0x0000000800000000)
  region size 2048K, 16 young (32768K), 2 survivors (4096K)
 Metaspace       used 55656K, committed 56192K, reserved 1114112K
  class space    used 6135K, committed 6336K, reserved 1048576K
}
Event: 6.512 GC heap after
{Heap after GC invocations=11 (full 0):
 garbage-first heap   total reserved 3115008K, committed 67584K, used 26147K [0x0000000741e00000, 0x0000000800000000)
  region size 2048K, 2 young (4096K), 2 survivors (4096K)
 Metaspace       used 55656K, committed 56192K, reserved 1114112K
  class space    used 6135K, committed 6336K, reserved 1048576K
}
Event: 7.077 GC heap before
{Heap before GC invocations=11 (full 0):
 garbage-first heap   total reserved 3115008K, committed 67584K, used 54819K [0x0000000741e00000, 0x0000000800000000)
  region size 2048K, 16 young (32768K), 2 survivors (4096K)
 Metaspace       used 59130K, committed 59584K, reserved 1114112K
  class space    used 6606K, committed 6784K, reserved 1048576K
}
Event: 7.085 GC heap after
{Heap after GC invocations=12 (full 0):
 garbage-first heap   total reserved 3115008K, committed 67584K, used 28734K [0x0000000741e00000, 0x0000000800000000)
  region size 2048K, 2 young (4096K), 2 survivors (4096K)
 Metaspace       used 59130K, committed 59584K, reserved 1114112K
  class space    used 6606K, committed 6784K, reserved 1048576K
}
Event: 250.780 GC heap before
{Heap before GC invocations=12 (full 0):
 garbage-first heap   total reserved 3115008K, committed 67584K, used 43070K [0x0000000741e00000, 0x0000000800000000)
  region size 2048K, 10 young (20480K), 2 survivors (4096K)
 Metaspace       used 60169K, committed 60736K, reserved 1114112K
  class space    used 6751K, committed 6976K, reserved 1048576K
}
Event: 250.812 GC heap after
{Heap after GC invocations=13 (full 0):
 garbage-first heap   total reserved 3115008K, committed 67584K, used 29664K [0x0000000741e00000, 0x0000000800000000)
  region size 2048K, 1 young (2048K), 1 survivors (2048K)
 Metaspace       used 60169K, committed 60736K, reserved 1114112K
  class space    used 6751K, committed 6976K, reserved 1048576K
}

